{"C:\\Users\\dwojcik\\Desktop\\Repo\\EventRegistrationForm\\server\\index.js": {"path":"C:\\Users\\dwojcik\\Desktop\\Repo\\EventRegistrationForm\\server\\index.js","statementMap":{"0":{"start":{"line":10,"column":16},"end":{"line":10,"column":34}},"1":{"start":{"line":11,"column":19},"end":{"line":11,"column":41}},"2":{"start":{"line":12,"column":13},"end":{"line":12,"column":28}},"3":{"start":{"line":14,"column":12},"end":{"line":14,"column":21}},"4":{"start":{"line":16,"column":0},"end":{"line":16,"column":24}},"5":{"start":{"line":17,"column":0},"end":{"line":21,"column":2}},"6":{"start":{"line":22,"column":0},"end":{"line":22,"column":16}},"7":{"start":{"line":25,"column":18},"end":{"line":25,"column":55}},"8":{"start":{"line":27,"column":17},"end":{"line":29,"column":1}},"9":{"start":{"line":30,"column":0},"end":{"line":30,"column":26}},"10":{"start":{"line":33,"column":0},"end":{"line":33,"column":46}},"11":{"start":{"line":36,"column":11},"end":{"line":36,"column":34}},"12":{"start":{"line":37,"column":17},"end":{"line":37,"column":53}},"13":{"start":{"line":40,"column":0},"end":{"line":53,"column":5}},"14":{"start":{"line":47,"column":4},"end":{"line":47,"column":54}},"15":{"start":{"line":50,"column":4},"end":{"line":50,"column":56}},"16":{"start":{"line":52,"column":4},"end":{"line":52,"column":19}},"17":{"start":{"line":55,"column":2},"end":{"line":55,"column":22}}},"fnMap":{"0":{"name":"(anonymous_0)","decl":{"start":{"line":45,"column":8},"end":{"line":45,"column":9}},"loc":{"start":{"line":45,"column":14},"end":{"line":48,"column":3}},"line":45},"1":{"name":"(anonymous_1)","decl":{"start":{"line":49,"column":9},"end":{"line":49,"column":10}},"loc":{"start":{"line":49,"column":18},"end":{"line":53,"column":3}},"line":49}},"branchMap":{},"s":{"0":2,"1":2,"2":2,"3":2,"4":2,"5":2,"6":2,"7":2,"8":2,"9":2,"10":2,"11":2,"12":2,"13":2,"14":2,"15":0,"16":0,"17":2},"f":{"0":2,"1":0},"b":{},"_coverageSchema":"1a1c01bbd47fc00a2c39e90264f33305004495a9","hash":"b557294e864a93d8c12aa46d759f4e805d873efc"}
,"C:\\Users\\dwojcik\\Desktop\\Repo\\EventRegistrationForm\\server\\app\\config\\app.config.js": {"path":"C:\\Users\\dwojcik\\Desktop\\Repo\\EventRegistrationForm\\server\\app\\config\\app.config.js","statementMap":{"0":{"start":{"line":9,"column":0},"end":{"line":13,"column":1}}},"fnMap":{},"branchMap":{},"s":{"0":2},"f":{},"b":{},"_coverageSchema":"1a1c01bbd47fc00a2c39e90264f33305004495a9","hash":"d9ca815d098c4ec0b8f0c5f660949eb561bb7fe4"}
,"C:\\Users\\dwojcik\\Desktop\\Repo\\EventRegistrationForm\\server\\app\\config\\db.config.js": {"path":"C:\\Users\\dwojcik\\Desktop\\Repo\\EventRegistrationForm\\server\\app\\config\\db.config.js","statementMap":{"0":{"start":{"line":9,"column":0},"end":{"line":13,"column":1}}},"fnMap":{},"branchMap":{},"s":{"0":2},"f":{},"b":{},"_coverageSchema":"1a1c01bbd47fc00a2c39e90264f33305004495a9","hash":"3e0e9b768fd0b8d1ffd31102df3ce88735984490"}
,"C:\\Users\\dwojcik\\Desktop\\Repo\\EventRegistrationForm\\server\\app\\controllers\\event.controller.js": {"path":"C:\\Users\\dwojcik\\Desktop\\Repo\\EventRegistrationForm\\server\\app\\controllers\\event.controller.js","statementMap":{"0":{"start":{"line":10,"column":18},"end":{"line":10,"column":49}},"1":{"start":{"line":11,"column":11},"end":{"line":11,"column":31}},"2":{"start":{"line":12,"column":14},"end":{"line":12,"column":23}},"3":{"start":{"line":14,"column":0},"end":{"line":29,"column":4}},"4":{"start":{"line":15,"column":18},"end":{"line":20,"column":6}},"5":{"start":{"line":22,"column":4},"end":{"line":28,"column":9}},"6":{"start":{"line":23,"column":6},"end":{"line":27,"column":7}},"7":{"start":{"line":24,"column":8},"end":{"line":24,"column":101}},"8":{"start":{"line":26,"column":8},"end":{"line":26,"column":88}}},"fnMap":{"0":{"name":"(anonymous_0)","decl":{"start":{"line":14,"column":24},"end":{"line":14,"column":25}},"loc":{"start":{"line":14,"column":38},"end":{"line":29,"column":3}},"line":14},"1":{"name":"(anonymous_1)","decl":{"start":{"line":22,"column":15},"end":{"line":22,"column":16}},"loc":{"start":{"line":22,"column":31},"end":{"line":28,"column":7}},"line":22}},"branchMap":{"0":{"loc":{"start":{"line":23,"column":6},"end":{"line":27,"column":7}},"type":"if","locations":[{"start":{"line":23,"column":6},"end":{"line":27,"column":7}},{"start":{"line":25,"column":13},"end":{"line":27,"column":7}}],"line":23}},"s":{"0":2,"1":2,"2":2,"3":2,"4":1,"5":1,"6":1,"7":0,"8":1},"f":{"0":1,"1":1},"b":{"0":[0,1]},"_coverageSchema":"1a1c01bbd47fc00a2c39e90264f33305004495a9","hash":"21eaa68fdbaa00736e6f55c8400c14121534d5e9"}
,"C:\\Users\\dwojcik\\Desktop\\Repo\\EventRegistrationForm\\server\\app\\middlewares\\checkEvent.js": {"path":"C:\\Users\\dwojcik\\Desktop\\Repo\\EventRegistrationForm\\server\\app\\middlewares\\checkEvent.js","statementMap":{"0":{"start":{"line":12,"column":11},"end":{"line":12,"column":31}},"1":{"start":{"line":13,"column":14},"end":{"line":13,"column":23}},"2":{"start":{"line":15,"column":31},"end":{"line":34,"column":3}},"3":{"start":{"line":17,"column":4},"end":{"line":32,"column":7}},"4":{"start":{"line":22,"column":6},"end":{"line":25,"column":7}},"5":{"start":{"line":23,"column":8},"end":{"line":23,"column":85}},"6":{"start":{"line":24,"column":8},"end":{"line":24,"column":15}},"7":{"start":{"line":27,"column":6},"end":{"line":30,"column":7}},"8":{"start":{"line":28,"column":8},"end":{"line":28,"column":72}},"9":{"start":{"line":29,"column":8},"end":{"line":29,"column":15}},"10":{"start":{"line":31,"column":6},"end":{"line":31,"column":12}},"11":{"start":{"line":36,"column":19},"end":{"line":38,"column":3}},"12":{"start":{"line":40,"column":2},"end":{"line":40,"column":30}}},"fnMap":{"0":{"name":"(anonymous_0)","decl":{"start":{"line":15,"column":31},"end":{"line":15,"column":32}},"loc":{"start":{"line":15,"column":51},"end":{"line":34,"column":3}},"line":15},"1":{"name":"(anonymous_1)","decl":{"start":{"line":20,"column":12},"end":{"line":20,"column":13}},"loc":{"start":{"line":20,"column":28},"end":{"line":32,"column":5}},"line":20}},"branchMap":{"0":{"loc":{"start":{"line":22,"column":6},"end":{"line":25,"column":7}},"type":"if","locations":[{"start":{"line":22,"column":6},"end":{"line":25,"column":7}},{"start":{},"end":{}}],"line":22},"1":{"loc":{"start":{"line":27,"column":6},"end":{"line":30,"column":7}},"type":"if","locations":[{"start":{"line":27,"column":6},"end":{"line":30,"column":7}},{"start":{},"end":{}}],"line":27}},"s":{"0":2,"1":2,"2":2,"3":1,"4":1,"5":0,"6":0,"7":1,"8":0,"9":0,"10":1,"11":2,"12":2},"f":{"0":1,"1":1},"b":{"0":[0,1],"1":[0,1]},"_coverageSchema":"1a1c01bbd47fc00a2c39e90264f33305004495a9","hash":"636b402a2088176597ffe5e1121857db06e9a0ce"}
,"C:\\Users\\dwojcik\\Desktop\\Repo\\EventRegistrationForm\\server\\app\\middlewares\\index.js": {"path":"C:\\Users\\dwojcik\\Desktop\\Repo\\EventRegistrationForm\\server\\app\\middlewares\\index.js","statementMap":{"0":{"start":{"line":9,"column":24},"end":{"line":9,"column":52}},"1":{"start":{"line":10,"column":19},"end":{"line":10,"column":42}},"2":{"start":{"line":12,"column":0},"end":{"line":14,"column":2}}},"fnMap":{},"branchMap":{},"s":{"0":2,"1":2,"2":2},"f":{},"b":{},"_coverageSchema":"1a1c01bbd47fc00a2c39e90264f33305004495a9","hash":"393fdecc1eed66386565859ee4cb6ad85d1c280c"}
,"C:\\Users\\dwojcik\\Desktop\\Repo\\EventRegistrationForm\\server\\app\\middlewares\\validateRequest.js": {"path":"C:\\Users\\dwojcik\\Desktop\\Repo\\EventRegistrationForm\\server\\app\\middlewares\\validateRequest.js","statementMap":{"0":{"start":{"line":11,"column":19},"end":{"line":36,"column":3}},"1":{"start":{"line":13,"column":24},"end":{"line":18,"column":7}},"2":{"start":{"line":20,"column":20},"end":{"line":20,"column":24}},"3":{"start":{"line":22,"column":4},"end":{"line":27,"column":6}},"4":{"start":{"line":24,"column":8},"end":{"line":26,"column":9}},"5":{"start":{"line":25,"column":11},"end":{"line":25,"column":28}},"6":{"start":{"line":29,"column":4},"end":{"line":34,"column":5}},"7":{"start":{"line":30,"column":8},"end":{"line":30,"column":61}},"8":{"start":{"line":31,"column":8},"end":{"line":31,"column":14}},"9":{"start":{"line":33,"column":6},"end":{"line":33,"column":12}},"10":{"start":{"line":38,"column":24},"end":{"line":40,"column":3}},"11":{"start":{"line":42,"column":2},"end":{"line":42,"column":35}}},"fnMap":{"0":{"name":"(anonymous_0)","decl":{"start":{"line":11,"column":19},"end":{"line":11,"column":20}},"loc":{"start":{"line":11,"column":39},"end":{"line":36,"column":3}},"line":11},"1":{"name":"(anonymous_1)","decl":{"start":{"line":22,"column":36},"end":{"line":22,"column":37}},"loc":{"start":{"line":22,"column":47},"end":{"line":27,"column":5}},"line":22}},"branchMap":{"0":{"loc":{"start":{"line":24,"column":8},"end":{"line":26,"column":9}},"type":"if","locations":[{"start":{"line":24,"column":8},"end":{"line":26,"column":9}},{"start":{},"end":{}}],"line":24},"1":{"loc":{"start":{"line":29,"column":4},"end":{"line":34,"column":5}},"type":"if","locations":[{"start":{"line":29,"column":4},"end":{"line":34,"column":5}},{"start":{"line":32,"column":11},"end":{"line":34,"column":5}}],"line":29}},"s":{"0":2,"1":2,"2":2,"3":2,"4":8,"5":4,"6":2,"7":1,"8":1,"9":1,"10":2,"11":2},"f":{"0":2,"1":8},"b":{"0":[4,4],"1":[1,1]},"_coverageSchema":"1a1c01bbd47fc00a2c39e90264f33305004495a9","hash":"03ab2518d599a9b3d73e7774939357fb3fe833ae"}
,"C:\\Users\\dwojcik\\Desktop\\Repo\\EventRegistrationForm\\server\\app\\models\\event.model.js": {"path":"C:\\Users\\dwojcik\\Desktop\\Repo\\EventRegistrationForm\\server\\app\\models\\event.model.js","statementMap":{"0":{"start":{"line":10,"column":17},"end":{"line":10,"column":36}},"1":{"start":{"line":12,"column":14},"end":{"line":20,"column":1}},"2":{"start":{"line":22,"column":0},"end":{"line":22,"column":23}}},"fnMap":{},"branchMap":{},"s":{"0":2,"1":2,"2":2},"f":{},"b":{},"_coverageSchema":"1a1c01bbd47fc00a2c39e90264f33305004495a9","hash":"a1baefd0c4ed01f744dba08fe20d7b5030bbaa58"}
,"C:\\Users\\dwojcik\\Desktop\\Repo\\EventRegistrationForm\\server\\app\\models\\index.js": {"path":"C:\\Users\\dwojcik\\Desktop\\Repo\\EventRegistrationForm\\server\\app\\models\\index.js","statementMap":{"0":{"start":{"line":9,"column":17},"end":{"line":9,"column":36}},"1":{"start":{"line":10,"column":0},"end":{"line":10,"column":34}},"2":{"start":{"line":12,"column":11},"end":{"line":12,"column":13}},"3":{"start":{"line":14,"column":0},"end":{"line":14,"column":23}},"4":{"start":{"line":15,"column":0},"end":{"line":15,"column":37}},"5":{"start":{"line":17,"column":0},"end":{"line":17,"column":20}}},"fnMap":{},"branchMap":{},"s":{"0":2,"1":2,"2":2,"3":2,"4":2,"5":2},"f":{},"b":{},"_coverageSchema":"1a1c01bbd47fc00a2c39e90264f33305004495a9","hash":"ed62fd4206a0d6d4b03957eb399188b366b83ef1"}
,"C:\\Users\\dwojcik\\Desktop\\Repo\\EventRegistrationForm\\server\\app\\routes\\public.routes.js": {"path":"C:\\Users\\dwojcik\\Desktop\\Repo\\EventRegistrationForm\\server\\app\\routes\\public.routes.js","statementMap":{"0":{"start":{"line":9,"column":40},"end":{"line":9,"column":65}},"1":{"start":{"line":10,"column":19},"end":{"line":10,"column":61}},"2":{"start":{"line":12,"column":0},"end":{"line":21,"column":2}},"3":{"start":{"line":13,"column":3},"end":{"line":20,"column":4}}},"fnMap":{"0":{"name":"(anonymous_0)","decl":{"start":{"line":12,"column":17},"end":{"line":12,"column":18}},"loc":{"start":{"line":12,"column":32},"end":{"line":21,"column":1}},"line":12}},"branchMap":{},"s":{"0":2,"1":2,"2":2,"3":2},"f":{"0":2},"b":{},"_coverageSchema":"1a1c01bbd47fc00a2c39e90264f33305004495a9","hash":"0b20a3a1b30fdb88d12c67c11cc199ad5f43f654"}
}
