TN:
SF:index.js
FN:45,(anonymous_0)
FN:49,(anonymous_1)
FNF:2
FNH:1
FNDA:2,(anonymous_0)
FNDA:0,(anonymous_1)
DA:10,2
DA:11,2
DA:12,2
DA:14,2
DA:16,2
DA:17,2
DA:22,2
DA:25,2
DA:27,2
DA:30,2
DA:33,2
DA:36,2
DA:37,2
DA:40,2
DA:47,2
DA:50,0
DA:52,0
DA:55,2
LF:18
LH:16
BRF:0
BRH:0
end_of_record
TN:
SF:app\config\app.config.js
FNF:0
FNH:0
DA:9,2
LF:1
LH:1
BRF:0
BRH:0
end_of_record
TN:
SF:app\config\db.config.js
FNF:0
FNH:0
DA:9,2
LF:1
LH:1
BRF:0
BRH:0
end_of_record
TN:
SF:app\controllers\event.controller.js
FN:14,(anonymous_0)
FN:22,(anonymous_1)
FNF:2
FNH:2
FNDA:1,(anonymous_0)
FNDA:1,(anonymous_1)
DA:10,2
DA:11,2
DA:12,2
DA:14,2
DA:15,1
DA:22,1
DA:23,1
DA:24,0
DA:26,1
LF:9
LH:8
BRDA:23,0,0,0
BRDA:23,0,1,1
BRF:2
BRH:1
end_of_record
TN:
SF:app\middlewares\checkEvent.js
FN:15,(anonymous_0)
FN:20,(anonymous_1)
FNF:2
FNH:2
FNDA:1,(anonymous_0)
FNDA:1,(anonymous_1)
DA:12,2
DA:13,2
DA:15,2
DA:17,1
DA:22,1
DA:23,0
DA:24,0
DA:27,1
DA:28,0
DA:29,0
DA:31,1
DA:36,2
DA:40,2
LF:13
LH:9
BRDA:22,0,0,0
BRDA:22,0,1,1
BRDA:27,1,0,0
BRDA:27,1,1,1
BRF:4
BRH:2
end_of_record
TN:
SF:app\middlewares\index.js
FNF:0
FNH:0
DA:9,2
DA:10,2
DA:12,2
LF:3
LH:3
BRF:0
BRH:0
end_of_record
TN:
SF:app\middlewares\validateRequest.js
FN:11,(anonymous_0)
FN:22,(anonymous_1)
FNF:2
FNH:2
FNDA:2,(anonymous_0)
FNDA:8,(anonymous_1)
DA:11,2
DA:13,2
DA:20,2
DA:22,2
DA:24,8
DA:25,4
DA:29,2
DA:30,1
DA:31,1
DA:33,1
DA:38,2
DA:42,2
LF:12
LH:12
BRDA:24,0,0,4
BRDA:24,0,1,4
BRDA:29,1,0,1
BRDA:29,1,1,1
BRF:4
BRH:4
end_of_record
TN:
SF:app\models\event.model.js
FNF:0
FNH:0
DA:10,2
DA:12,2
DA:22,2
LF:3
LH:3
BRF:0
BRH:0
end_of_record
TN:
SF:app\models\index.js
FNF:0
FNH:0
DA:9,2
DA:10,2
DA:12,2
DA:14,2
DA:15,2
DA:17,2
LF:6
LH:6
BRF:0
BRH:0
end_of_record
TN:
SF:app\routes\public.routes.js
FN:12,(anonymous_0)
FNF:1
FNH:1
FNDA:2,(anonymous_0)
DA:9,2
DA:10,2
DA:12,2
DA:13,2
LF:4
LH:4
BRF:0
BRH:0
end_of_record
